           _________________________________________________________
          |                                                         |
          |       _/_/_/_/                                          |
          |      _/      _/                  _/_/_/_/_/_/           |
          |     _/      _/  _/      _/   _/      _/      _/_/_/_/_/ |
          |    _/_/_/_/    _/      _/   _/      _/      _/          |
          |   _/          _/_/_/_/_/   _/      _/       _/_/_/_/    |
          |  _/          _/      _/   _/      _/              _/    |
          | _/          _/      _/   _/      _/      _/_/_/_/_/     |
          |                                                         |
          |                                                         |
          |       Particle and Heavy Ion Transport code System      |
          |                      Version =  3.280                   |
          |                       developed by                      |
          |                                                         |
          |  Tatsuhiko SATO, Yosuke IWAMOTO, Shintaro HASHIMOTO,    |
          |    Tatsuhiko OGAWA, Takuya FURUTA, Shinichiro ABE,      |
          |    Takeshi KAI, Norihiro MATSUDA, Yusuke MATSUYA,       |
          | Yuho HIRATA, Lan YAO, Pi-En TSAI, Hunter RATLIFF (JAEA),|
          |                                                         |
          |            Hiroshi IWASE, Yasuhito SAKAKI (KEK),        |
          |                                                         |
          |           Nobuhiro SHIGYO (Kyushu University),          |
          |                                                         |
          |      Lembit SIHVER (Technische Universitat Wien), and   |
          |                                                         |
          |                     Koji NIITA (RIST)                   |
          |                                                         |
          |                 Last Revised  2022-05-09                |
          |_________________________________________________________|

                 _____________ [ Job Title ] ____________ 
                |                                        |
                |  input file for radiation shieldings.  |
                |________________________________________|

                        Starting Date = 2024-06-05
                        Starting Time = 14h 09m 20

>>> Input Echo >>>=============================================================

[ Title ]
input file for radiation shieldings.

[ Parameters ]
 icntl    =           0     # (D=0) 3:ECH 5:NOR 6:SRC 7,8:GSH 11:DSH 12:DUMP
 maxcas   =      100000     # (D=10) number of particles per one batch
 maxbch   =          10     # (D=10) number of batches
 emin(12) = 0.100000000     # (D=1.e+9) cut-off energy of electron (MeV)
 emin(13) = 0.100000000     # (D=1.e+9) cut-off energy of positron (MeV)
 negs     =           1     # (D=-1) =-1:original, =0:No, =1:EGS
 ipnint   =           1     # (D=0) 0: no, 1: consider photo-nuclear reaction
 file(1)  = /mnt/c/phits/build_phits328A/phits/ # (D=PhitsPath) PHITS install folder name
 file(6)  = out/phits.out   # (D=phits.out) general output file name

[ Source ]
  totfact =  3.12110E+15    # (D=1.0) global factor
   s-type =  13             # Gaussian distribution in XY plane source
     proj =  alpha          # kind of incident particle         
       e0 =   12.500        # energy of beam [MeV/n]
       x0 =   0.0000        # (D=0.0) center position of x-axis [cm]
       y0 =   0.0000        # (D=0.0) center position of y-axis [cm]
       z0 =  -5.0000        # (D=0.0) minimum position of z-axis [cm]
       z1 =  -7.0000        # (D=0.0) maximum position of z-axis [cm]
       r1 =  0.25000        # Full Width at Half Maximum of Gaussian [cm]
      dir =   1.0000        # z-direction of beam [cosine]

[ Material ]
MAT[ 1 ] 
            H        -1.0000000E-03
            C        -1.2600000E-02
            N        -7.5500000E+01
            O        -2.3200000E+01
MAT[ 2 ] 
        174Yb         1.0000000E+00

[ Cell ]
 311         1 -1.2049000E-03  -11 +21 
 321         1 -1.2049000E-03  -21 +31 
 301        -1                 +11 
 331         2 -6.9000000E+00  -31 

[ Surface ]
 11            rpp  -1.1000000E+01  1.1000000E+01 -1.1000000E+01
                     1.1000000E+01 -1.1000000E+01  1.1000000E+01
 21            rpp  -1.0000000E+01  1.0000000E+01 -1.0000000E+01
                     1.0000000E+01 -1.0000000E+01  1.0000000E+01
 31            rcc   0.0000000E+00  0.0000000E+00  0.0000000E+00
                     0.0000000E+00  0.0000000E+00  8.2839268E-02
                     5.0000000E-01

[ Mat Name Color ]
   mat     name     size      color   # HSB color value
     0     void     1.00  lightgray   # { -0.800  1.000  1.000 }
     1      Air     2.00       cyan   # {  0.400  1.000  1.000 }
     2    Yb174     2.00     violet   # {  0.133  1.000  1.000 }

[ T-Track ]
    title = [t-track] in region mesh
     mesh =  reg            # mesh type is region-wise
      reg = 331
   volume                   # combined, lattice or level structure 
   non     reg      vol     # reg definition
    1      331   1.0000E+00 # 331
   e-type =    2            # e-mesh is linear given by emin, emax and ne
     emin =   0.000000      # minimum value of e-mesh points
     emax =   60.00000      # maximum value of e-mesh points
#    edel =  0.2000000      # mesh width of e-mesh points
       ne =    300          # number of e-mesh points
#    data = ( e(i), i = 1, ne + 1 )
#           0.00000E+00  2.00000E-01  4.00000E-01  6.00000E-01  8.00000E-01
#           1.00000E+00  1.20000E+00  1.40000E+00  1.60000E+00  1.80000E+00
#           2.00000E+00  2.20000E+00  2.40000E+00  2.60000E+00  2.80000E+00
#           3.00000E+00  3.20000E+00  3.40000E+00  3.60000E+00  3.80000E+00
#           4.00000E+00  4.20000E+00  4.40000E+00  4.60000E+00  4.80000E+00
#           5.00000E+00  5.20000E+00  5.40000E+00  5.60000E+00  5.80000E+00
#           6.00000E+00  6.20000E+00  6.40000E+00  6.60000E+00  6.80000E+00
#           7.00000E+00  7.20000E+00  7.40000E+00  7.60000E+00  7.80000E+00
#           8.00000E+00  8.20000E+00  8.40000E+00  8.60000E+00  8.80000E+00
#           9.00000E+00  9.20000E+00  9.40000E+00  9.60000E+00  9.80000E+00
#           1.00000E+01  1.02000E+01  1.04000E+01  1.06000E+01  1.08000E+01
#           1.10000E+01  1.12000E+01  1.14000E+01  1.16000E+01  1.18000E+01
#           1.20000E+01  1.22000E+01  1.24000E+01  1.26000E+01  1.28000E+01
#           1.30000E+01  1.32000E+01  1.34000E+01  1.36000E+01  1.38000E+01
#           1.40000E+01  1.42000E+01  1.44000E+01  1.46000E+01  1.48000E+01
#           1.50000E+01  1.52000E+01  1.54000E+01  1.56000E+01  1.58000E+01
#           1.60000E+01  1.62000E+01  1.64000E+01  1.66000E+01  1.68000E+01
#           1.70000E+01  1.72000E+01  1.74000E+01  1.76000E+01  1.78000E+01
#           1.80000E+01  1.82000E+01  1.84000E+01  1.86000E+01  1.88000E+01
#           1.90000E+01  1.92000E+01  1.94000E+01  1.96000E+01  1.98000E+01
#           2.00000E+01  2.02000E+01  2.04000E+01  2.06000E+01  2.08000E+01
#           2.10000E+01  2.12000E+01  2.14000E+01  2.16000E+01  2.18000E+01
#           2.20000E+01  2.22000E+01  2.24000E+01  2.26000E+01  2.28000E+01
#           2.30000E+01  2.32000E+01  2.34000E+01  2.36000E+01  2.38000E+01
#           2.40000E+01  2.42000E+01  2.44000E+01  2.46000E+01  2.48000E+01
#           2.50000E+01  2.52000E+01  2.54000E+01  2.56000E+01  2.58000E+01
#           2.60000E+01  2.62000E+01  2.64000E+01  2.66000E+01  2.68000E+01
#           2.70000E+01  2.72000E+01  2.74000E+01  2.76000E+01  2.78000E+01
#           2.80000E+01  2.82000E+01  2.84000E+01  2.86000E+01  2.88000E+01
#           2.90000E+01  2.92000E+01  2.94000E+01  2.96000E+01  2.98000E+01
#           3.00000E+01  3.02000E+01  3.04000E+01  3.06000E+01  3.08000E+01
#           3.10000E+01  3.12000E+01  3.14000E+01  3.16000E+01  3.18000E+01
#           3.20000E+01  3.22000E+01  3.24000E+01  3.26000E+01  3.28000E+01
#           3.30000E+01  3.32000E+01  3.34000E+01  3.36000E+01  3.38000E+01
#           3.40000E+01  3.42000E+01  3.44000E+01  3.46000E+01  3.48000E+01
#           3.50000E+01  3.52000E+01  3.54000E+01  3.56000E+01  3.58000E+01
#           3.60000E+01  3.62000E+01  3.64000E+01  3.66000E+01  3.68000E+01
#           3.70000E+01  3.72000E+01  3.74000E+01  3.76000E+01  3.78000E+01
#           3.80000E+01  3.82000E+01  3.84000E+01  3.86000E+01  3.88000E+01
#           3.90000E+01  3.92000E+01  3.94000E+01  3.96000E+01  3.98000E+01
#           4.00000E+01  4.02000E+01  4.04000E+01  4.06000E+01  4.08000E+01
#           4.10000E+01  4.12000E+01  4.14000E+01  4.16000E+01  4.18000E+01
#           4.20000E+01  4.22000E+01  4.24000E+01  4.26000E+01  4.28000E+01
#           4.30000E+01  4.32000E+01  4.34000E+01  4.36000E+01  4.38000E+01
#           4.40000E+01  4.42000E+01  4.44000E+01  4.46000E+01  4.48000E+01
#           4.50000E+01  4.52000E+01  4.54000E+01  4.56000E+01  4.58000E+01
#           4.60000E+01  4.62000E+01  4.64000E+01  4.66000E+01  4.68000E+01
#           4.70000E+01  4.72000E+01  4.74000E+01  4.76000E+01  4.78000E+01
#           4.80000E+01  4.82000E+01  4.84000E+01  4.86000E+01  4.88000E+01
#           4.90000E+01  4.92000E+01  4.94000E+01  4.96000E+01  4.98000E+01
#           5.00000E+01  5.02000E+01  5.04000E+01  5.06000E+01  5.08000E+01
#           5.10000E+01  5.12000E+01  5.14000E+01  5.16000E+01  5.18000E+01
#           5.20000E+01  5.22000E+01  5.24000E+01  5.26000E+01  5.28000E+01
#           5.30000E+01  5.32000E+01  5.34000E+01  5.36000E+01  5.38000E+01
#           5.40000E+01  5.42000E+01  5.44000E+01  5.46000E+01  5.48000E+01
#           5.50000E+01  5.52000E+01  5.54000E+01  5.56000E+01  5.58000E+01
#           5.60000E+01  5.62000E+01  5.64000E+01  5.66000E+01  5.68000E+01
#           5.70000E+01  5.72000E+01  5.74000E+01  5.76000E+01  5.78000E+01
#           5.80000E+01  5.82000E+01  5.84000E+01  5.86000E+01  5.88000E+01
#           5.90000E+01  5.92000E+01  5.94000E+01  5.96000E+01  5.98000E+01
#           6.00000E+01
     unit =    2            # unit is [1/cm^2/MeV/source]
 material =  all            # (D=all) number of specific material
     axis =     eng            # axis of output
     file = out/fluence_energy.dat  # file name of output for the above axis
     part =  alpha    
# kf/name :  2000004  
    x-txt = energy [MeV]
    y-txt = track length [alphas m/MeV/s]
   epsout =    1            # (D=0) generate eps file by ANGEL
#    used :        main (  %)        temp (  %)       total (  %)
#  memory :         309 (  0)           0 (  0)         309 (  0)

[ T-Track ]
    title = fluence in xz plane
     mesh =  xyz            # mesh type is xyz scoring mesh
   x-type =    2            # x-mesh is linear given by xmin, xmax and nx
     xmin = -0.7000000      # minimum value of x-mesh points
     xmax =  0.7000000      # maximum value of x-mesh points
#    xdel =  1.4000000E-02  # mesh width of x-mesh points
       nx =    100          # number of x-mesh points
#    data = ( x(i), i = 1, nx + 1 )
#          -7.00000E-01 -6.86000E-01 -6.72000E-01 -6.58000E-01 -6.44000E-01
#          -6.30000E-01 -6.16000E-01 -6.02000E-01 -5.88000E-01 -5.74000E-01
#          -5.60000E-01 -5.46000E-01 -5.32000E-01 -5.18000E-01 -5.04000E-01
#          -4.90000E-01 -4.76000E-01 -4.62000E-01 -4.48000E-01 -4.34000E-01
#          -4.20000E-01 -4.06000E-01 -3.92000E-01 -3.78000E-01 -3.64000E-01
#          -3.50000E-01 -3.36000E-01 -3.22000E-01 -3.08000E-01 -2.94000E-01
#          -2.80000E-01 -2.66000E-01 -2.52000E-01 -2.38000E-01 -2.24000E-01
#          -2.10000E-01 -1.96000E-01 -1.82000E-01 -1.68000E-01 -1.54000E-01
#          -1.40000E-01 -1.26000E-01 -1.12000E-01 -9.80000E-02 -8.40000E-02
#          -7.00000E-02 -5.60000E-02 -4.20000E-02 -2.80000E-02 -1.40000E-02
#           0.00000E+00  1.40000E-02  2.80000E-02  4.20000E-02  5.60000E-02
#           7.00000E-02  8.40000E-02  9.80000E-02  1.12000E-01  1.26000E-01
#           1.40000E-01  1.54000E-01  1.68000E-01  1.82000E-01  1.96000E-01
#           2.10000E-01  2.24000E-01  2.38000E-01  2.52000E-01  2.66000E-01
#           2.80000E-01  2.94000E-01  3.08000E-01  3.22000E-01  3.36000E-01
#           3.50000E-01  3.64000E-01  3.78000E-01  3.92000E-01  4.06000E-01
#           4.20000E-01  4.34000E-01  4.48000E-01  4.62000E-01  4.76000E-01
#           4.90000E-01  5.04000E-01  5.18000E-01  5.32000E-01  5.46000E-01
#           5.60000E-01  5.74000E-01  5.88000E-01  6.02000E-01  6.16000E-01
#           6.30000E-01  6.44000E-01  6.58000E-01  6.72000E-01  6.86000E-01
#           7.00000E-01
   y-type =    2            # y-mesh is linear given by ymin, ymax and ny
     ymin =  -10.00000      # minimum value of y-mesh points
     ymax =   10.00000      # maximum value of y-mesh points
#    ydel =   20.00000      # mesh width of y-mesh points
       ny =      1          # number of y-mesh points
#    data = ( y(i), i = 1, ny + 1 )
#          -1.00000E+01  1.00000E+01
   z-type =    2            # z-mesh is linear given by zmin, zmax and nz
     zmin = -0.7000000      # minimum value of z-mesh points
     zmax =  0.7000000      # maximum value of z-mesh points
#    zdel =  1.4000000E-02  # mesh width of z-mesh points
       nz =    100          # number of z-mesh points
#    data = ( z(i), i = 1, nz + 1 )
#          -7.00000E-01 -6.86000E-01 -6.72000E-01 -6.58000E-01 -6.44000E-01
#          -6.30000E-01 -6.16000E-01 -6.02000E-01 -5.88000E-01 -5.74000E-01
#          -5.60000E-01 -5.46000E-01 -5.32000E-01 -5.18000E-01 -5.04000E-01
#          -4.90000E-01 -4.76000E-01 -4.62000E-01 -4.48000E-01 -4.34000E-01
#          -4.20000E-01 -4.06000E-01 -3.92000E-01 -3.78000E-01 -3.64000E-01
#          -3.50000E-01 -3.36000E-01 -3.22000E-01 -3.08000E-01 -2.94000E-01
#          -2.80000E-01 -2.66000E-01 -2.52000E-01 -2.38000E-01 -2.24000E-01
#          -2.10000E-01 -1.96000E-01 -1.82000E-01 -1.68000E-01 -1.54000E-01
#          -1.40000E-01 -1.26000E-01 -1.12000E-01 -9.80000E-02 -8.40000E-02
#          -7.00000E-02 -5.60000E-02 -4.20000E-02 -2.80000E-02 -1.40000E-02
#           0.00000E+00  1.40000E-02  2.80000E-02  4.20000E-02  5.60000E-02
#           7.00000E-02  8.40000E-02  9.80000E-02  1.12000E-01  1.26000E-01
#           1.40000E-01  1.54000E-01  1.68000E-01  1.82000E-01  1.96000E-01
#           2.10000E-01  2.24000E-01  2.38000E-01  2.52000E-01  2.66000E-01
#           2.80000E-01  2.94000E-01  3.08000E-01  3.22000E-01  3.36000E-01
#           3.50000E-01  3.64000E-01  3.78000E-01  3.92000E-01  4.06000E-01
#           4.20000E-01  4.34000E-01  4.48000E-01  4.62000E-01  4.76000E-01
#           4.90000E-01  5.04000E-01  5.18000E-01  5.32000E-01  5.46000E-01
#           5.60000E-01  5.74000E-01  5.88000E-01  6.02000E-01  6.16000E-01
#           6.30000E-01  6.44000E-01  6.58000E-01  6.72000E-01  6.86000E-01
#           7.00000E-01
   e-type =    2            # e-mesh is linear given by emin, emax and ne
     emin =   0.000000      # minimum value of e-mesh points
     emax =   1000.000      # maximum value of e-mesh points
#    edel =   1000.000      # mesh width of e-mesh points
       ne =      1          # number of e-mesh points
#    data = ( e(i), i = 1, ne + 1 )
#           0.00000E+00  1.00000E+03
     unit =    1            # unit is [1/cm^2/source]
 material =  all            # (D=all) number of specific material
  2D-type =    3            # 1:Cont, 2:Clust, 3:Color, 4:xyz, 5:mat, 6:Clust+Cont, 7:Col+Cont
     axis =      xz            # axis of output
     file = out/fluence_2d.dat  # file name of output for the above axis
     part =  all      
# kf/name :  0        
    gshow =    1            # 0: no 1:bnd, 2:bnd+mat, 3:bnd+reg 4:bnd+lat 5:bmp style
    resol =    1            # (D=1) resolution of gshow or rshow
    width = 0.5000000       # (D=0.5) width of lines for gshow or rshow
   epsout =    1            # (D=0) generate eps file by ANGEL
#    used :        main (  %)        temp (  %)       total (  %)
#  memory :         210 (  0)           0 (  0)         210 (  0)

[END] of Input Echo <<<========================================================

<<< Report of real Geometry memory >>>
*           GG/CG memory =      349
*     total memory: mdas = 80000000
*                percent =     0.00 %

<<< Report of material memory for high energy>>>
*   high energy material =      476
*     total memory: mdas = 80000000
*                percent =     0.00 %

<<< Report of material memory for low energy>>>
*    low energy material =     1911
*     total memory: mdas = 80000000
*                percent =     0.00 %

<<< Report of real tally memory >>>
*      real tally memory =      519
*     total memory: mdas = 80000000
*                percent =     0.00 %

<<< Report of bank memory >>>
*            bank memory =      494
*     total memory: mdas = 80000000
*                percent =     0.00 %

<<< Report of other memory >>>
*           other memory =     1252
*     total memory: mdas = 80000000
*                percent =     0.00 %

<<< Report of total memory >>>
*      used total memory =     5001
*     total memory: mdas = 80000000
*                percent =     0.01 %
*                ---------------------

-------------------------------------------------------------------------------
bat[       1] ncas =         100000.
 bitrseed = 0100001010011000001011101100011110011000110110100110010000000000
          cpu time =  17.534 s.

-------------------------------------------------------------------------------
bat[       2] ncas =         200000.
 bitrseed = 0001110011011001101111011000110011100000010010101010010011101100
          cpu time =  17.490 s.

-------------------------------------------------------------------------------
bat[       3] ncas =         300000.
 bitrseed = 0111110100010110001100001010110110100011111100000101000000001001
          cpu time =  18.440 s.

-------------------------------------------------------------------------------
bat[       4] ncas =         400000.
 bitrseed = 1000000101101111000011011110011001000101111100111101100001010101
          cpu time =  18.101 s.

-------------------------------------------------------------------------------
bat[       5] ncas =         500000.
 bitrseed = 0101001111100011001000010000110000110111000010100111010111101100
          cpu time =  17.789 s.

-------------------------------------------------------------------------------
bat[       6] ncas =         600000.
 bitrseed = 1111000010101100000101101011010101111000000001010110000101000000
          cpu time =  17.942 s.

-------------------------------------------------------------------------------
bat[       7] ncas =         700000.
 bitrseed = 1000111101010000010001011010011111111110001101010011010010010110
          cpu time =  17.768 s.

-------------------------------------------------------------------------------
bat[       8] ncas =         800000.
 bitrseed = 1011100110001010010111101101110100011001010001110111110001101101
          cpu time =  18.219 s.

-------------------------------------------------------------------------------
bat[       9] ncas =         900000.
 bitrseed = 1010111100110100010100110010101101001010000010000110011011000010
          cpu time =  17.571 s.

-------------------------------------------------------------------------------
bat[      10] ncas =        1000000.
 bitrseed = 0110110101111101001100100100001011010110001100100011001111111111
          cpu time =  18.192 s.

===============================================================================

 Summary for the end of job

-------------------------------------------------------------------------------
 number of analyz call vs ncol
-------------------------------------------------------------------------------
     ncol          number
        1              1.   : start of calculation            
        2              1.   : end of calculation              
        3             10.   : end of a batch                  
        4        1000000.   : source                          
        5              0.   : detection of geometry error/warn
        6              0.   : recovery from geometry warning  
        7              0.   : termination by geometry error   
        8              0.   : termination by weight cut-off   
        9              0.   : termination by time cut-off     
       10        1023708.   : geometry boundary crossing      
       11        1002803.   : termination by energy cut-off   
       12          12345.   : termination by escape or leakage
       13           6887.   : reaction : (n,x) type           
       14          80145.   : reaction : (n,n'x) type         
       15           1031.   : sequential transport for tally  

-------------------------------------------------------------------------------
 List of transport particles
-------------------------------------------------------------------------------
     Name      kf-code        mass       charge   baryon
     proton       2212        938.3         1       1
     neutron      2112        939.6         0       1
     positron      -11          0.5         1       0
     photon         22          0.0         0       0
     deuteron  1000002       1875.6         1       2
     triton    1000003       2808.9         1       3
     3he       2000003       2808.4         2       3
     alpha     2000004       3727.4         2       4

-------------------------------------------------------------------------------
 prod. particles       number        weight        weight per source
-------------------------------------------------------------------------------
     photon            10623.     1.0632234E+04     3.3184252E+13
     neutron            5606.     5.6060000E+03     1.7496879E+13
     proton              438.     4.3800000E+02     1.3670412E+12
     alpha               307.     3.0700000E+02     9.5817728E+11
     deuteron             82.     8.2000000E+01     2.5593009E+11
     3he                   7.     7.0000000E+00     2.1847690E+10
     triton                5.     5.0000000E+00     1.5605493E+10
     positron              2.     2.0000000E+00     6.2421973E+09

-------------------------------------------------------------------------------
 particle decays       number        weight        weight per source
-------------------------------------------------------------------------------
     positron              2.     2.0000000E+00     6.2421973E+09

-------------------------------------------------------------------------------
 stop. particles.    number        weight        weight per source
-------------------------------------------------------------------------------
     alpha            998262.     9.9826200E+05     3.1156742E+15
     electron          15403.     1.5415705E+04     4.8113936E+13
     nucleus            1960.     1.9600000E+03     6.1173533E+12
     proton              190.     1.9000000E+02     5.9300874E+11
     photon               61.     6.1145496E+01     1.9084112E+11
     deuteron             25.     2.5000000E+01     7.8027466E+10
     3he                   5.     5.0000000E+00     1.5605493E+10
     triton                4.     4.0000000E+00     1.2484395E+10
     positron              2.     2.0000000E+00     6.2421973E+09

-------------------------------------------------------------------------------
 leak. particles       number        weight        weight per source
-------------------------------------------------------------------------------
     photon             6294.     6.3028415E+03     1.9671790E+13
     neutron            5605.     5.6040258E+03     1.7490717E+13
     proton              246.     2.4600000E+02     7.6779026E+11
     electron             79.     7.9813062E+01     2.4910444E+11
     alpha                59.     5.9000000E+01     1.8414482E+11
     deuteron             57.     5.7000000E+01     1.7790262E+11
     3he                   2.     2.0000000E+00     6.2421973E+09
     positron              2.     2.0000000E+00     6.2421973E+09
     triton                1.     1.0000000E+00     3.1210986E+09

-------------------------------------------------------------------------------
 source: maxcas    maxbch      irskip   average weight          total source
-------------------------------------------------------------------------------
      100000          10           0    3.2040000E-16    3.2039999999972E-10

-------------------------------------------------------------------------------
 used ATIMA database
-------------------------------------------------------------------------------
     for dedx  =       55 / mdbatima =      500

-------------------------------------------------------------------------------
 Geometry error summary
-------------------------------------------------------------------------------
 Number of lost particles     =     0 / nlost =       10
 Number of geometry recovering =     0
 Number of unrecovered errors =     0

-------------------------------------------------------------------------------
 initial random seed:
   bitrseed = 0100001010011000001011101100011110011000110110100110010000000000
 next initial random seed:
   bitrseed = 0101101000001110011101111011110101001001010001111010111000101101

-------------------------------------------------------------------------------
 job termination date : 2024/06/05
                 time :   14:11:13

-------------------------------------------------------------------------------
    CPU time and number of event called in PHITS
-------------------------------------------------------------------------------

                             sec
total cpu time =          183.78


                           count
      analysis =        3126929.  : data processing
         nevap =           1999.  : evaporation
        dexgam =           1942.  : de-excitation
         nreac =          87033.  : atomic and nuclear reactions
         dklos =              2.  : particle decay
         hydro =              0.  : nucleon-nucleon scattering
        n-data =            134.  : neutron data library
        h-data =              0.  : p, d, a data library
        p-data =              0.  : photon data library
        e-data =              0.  : electron data library
        p-egs5 =           5838.  : photon interaction with EGS5
        e-egs5 =          79069.  : electron interaction with EGS5
      e-tsmode =              0.  : electron track structure mode
    ion-tsmode =              0.  : ion track structure mode
     photonucl =              0.  : photo-nuclear reaction
 photonucl lib =              0.  : photo-nuclear reaction with library
       mu-reac =              0.  : muon-induced nuclear reaction
       mu-brem =              0.  : muon-induced bremsstrahlung
       mu-pprd =              0.  : muon-induced pair production
        mu-cap =              0.  : muon capture in nucleus
         elast =              1.  : elastic scattering
         ncasc =           7704.  : nuclear reaction model

       bertini =              0.  : Bertini model
        isobar =              0.  : isobar model
           JAM =              0.  : JAM model
           QMD =              0.  : JQMD model
        JAMQMD =              0.  : JAMQMD model
          INCL =           7704.  : INCL model
        INCELF =              0.  : INCELF model
     frag data =              0.  : user defined cross section
       SCINFUL =              0.  : SCINFUL mode

>>> Citation Request >>>=======================================================

 This execution uses model(s) that must be explicitly cited in addition to
 the PHITS original document: T.Sato et al., J.Nucl.Sci.Technol.55, 684-690 (2018).
 Please refer the following document(s) in your publication using this result

 The INCL model:
    A. Boudard et al., Phys. Rev C87, 014606 (2013).

 The EGS5 code:
    H. Hirayama et al., SLAC-R-730 (2005) and KEK Report 2005-8 (2005)

 The KUROTAMA model:
    K. Iida, A. Kohama, and K. Oyamatsu, J. Phys. Soc. Japan 76, 044201 (2007).

 END 
